
[DEBUG] Found 224532 training files
[DEBUG] Unique train labels: [0, 1, 2, 3, 4, 5, 6, 7, 8, 9, 10, 11, 12, 13, 14, 15, 16, 17, 18, 19, 20, 21, 22, 23, 24, 25, 26], counts: {0: 8333, 1: 8318, 2: 8305, 3: 8369, 4: 8314, 5: 8351, 6: 8237, 7: 8287, 8: 8360, 9: 8312, 10: 8369, 11: 8254, 12: 8386, 13: 8290, 14: 8375, 15: 8263, 16: 8242, 17: 8374, 18: 8306, 19: 8297, 20: 8326, 21: 8413, 22: 8268, 23: 8283, 24: 8307, 25: 8309, 26: 8284}
Traceback (most recent call last):
  File "/home/Lab208/conda/envs/widistill/lib/python3.9/site-packages/numpy/lib/npyio.py", line 448, in load
    return pickle.load(fid, **pickle_kwargs)
ValueError: invalid literal for int() with base 10: 'AB 5.0 MAT-file Platform: posix, Created on: Sun Nov 20 03:58:31 2022'

The above exception was the direct cause of the following exception:

Traceback (most recent call last):
  File "/home/Lab208/Code/run_sald.py", line 8, in <module>
    synth_path = sald_distill()
  File "/home/Lab208/Code/sald.py", line 80, in sald_distill
    X_syn_init, y_syn = init_synthetic_from_real(train_files, train_labels)
  File "/home/Lab208/Code/sald.py", line 25, in init_synthetic_from_real
    arr = np.load(p, allow_pickle=True)
  File "/home/Lab208/conda/envs/widistill/lib/python3.9/site-packages/numpy/lib/npyio.py", line 450, in load
    raise IOError(
OSError: Failed to interpret file '/media/Lab208/Storage Drive/wifi0sensing/data/MMFi_Dataset/E03/S29/A23/wifi-csi/frame017.mat' as a pickle
